<?xml version="1.0" encoding="UTF-8"?>
<testng-results skipped="0" failed="0" ignored="0" total="1" passed="1">
  <reporter-output>
  </reporter-output>
  <suite name="Default suite" duration-ms="55653" started-at="2021-02-04T17:16:11Z" finished-at="2021-02-04T17:17:06Z">
    <groups>
    </groups>
    <test name="Default test" duration-ms="55653" started-at="2021-02-04T17:16:11Z" finished-at="2021-02-04T17:17:06Z">
      <class name="Contact">
        <test-method status="PASS" signature="CreateContactWithOrgText()[pri:0, instance:Contact@42d80b78]" name="CreateContactWithOrgText" duration-ms="55622" started-at="2021-02-04T17:16:11Z" finished-at="2021-02-04T17:17:06Z">
          <reporter-output>
          </reporter-output>
        </test-method> <!-- CreateContactWithOrgText -->
      </class> <!-- Contact -->
    </test> <!-- Default test -->
  </suite> <!-- Default suite -->
</testng-results>
